This is pdfTeX, Version 3.14159265-2.6-1.40.21 (TeX Live 2020/W32TeX) (preloaded format=pdflatex 2020.11.8)  10 NOV 2020 22:19
entering extended mode
 restricted \write18 enabled.
 %&-line parsing enabled.
**nc2020.tex
(./nc2020.tex
LaTeX2e <2020-10-01> patch level 2
L3 programming layer <2020-10-27> xparse <2020-03-03> (./svjour3.cls
Document Class: svjour3 2007/05/08 v3.2 
LaTeX document class for Springer journals
(c:/texlive/2020/texmf-dist/tex/latex/base/fleqn.clo
File: fleqn.clo 2016/12/29 v1.2b Standard LaTeX option (flush left equations)
\mathindent=\skip47
Applying: [2015/01/01] Make \[ robust on input line 50.
LaTeX Info: Redefining \[ on input line 51.
Already applied: [0000/00/00] Make \[ robust on input line 62.
Applying: [2015/01/01] Make \] robust on input line 74.
LaTeX Info: Redefining \] on input line 75.
Already applied: [0000/00/00] Make \] robust on input line 83.
)
Class Springer-SVJour3 Info: extra/valid Springer sub-package (-> *.clo) 
(Springer-SVJour3)           not found in option list of \documentclass
(Springer-SVJour3)           - autoactivating "global" style.
 (./svglov3.clo
File: svglov3.clo 2009/12/18 v3.2 style option for standardised journals

SVJour Class option: svglov3.clo for standardised journals
)
LaTeX Font Info:    Redeclaring math symbol \Gamma on input line 147.
LaTeX Font Info:    Redeclaring math symbol \Delta on input line 148.
LaTeX Font Info:    Redeclaring math symbol \Theta on input line 149.
LaTeX Font Info:    Redeclaring math symbol \Lambda on input line 150.
LaTeX Font Info:    Redeclaring math symbol \Xi on input line 151.
LaTeX Font Info:    Redeclaring math symbol \Pi on input line 152.
LaTeX Font Info:    Redeclaring math symbol \Sigma on input line 153.
LaTeX Font Info:    Redeclaring math symbol \Upsilon on input line 154.
LaTeX Font Info:    Redeclaring math symbol \Phi on input line 155.
LaTeX Font Info:    Redeclaring math symbol \Psi on input line 156.
LaTeX Font Info:    Redeclaring math symbol \Omega on input line 157.
\logodepth=\dimen138
\headerboxheight=\dimen139
\betweenumberspace=\dimen140
\aftertext=\dimen141
\headlineindent=\dimen142
\c@inst=\count175
\c@auth=\count176
\instindent=\dimen143
\authrun=\box47
\authorrunning=\toks15
\titrun=\box48
\titlerunning=\toks16
\combirun=\box49
\c@lastpage=\count177
\rubricwidth=\dimen144
\c@section=\count178
\c@subsection=\count179
\c@subsubsection=\count180
\c@paragraph=\count181
\c@subparagraph=\count182
\spthmsep=\dimen145
\c@theorem=\count183
\c@case=\count184
\c@conjecture=\count185
\c@corollary=\count186
\c@definition=\count187
\c@example=\count188
\c@exercise=\count189
\c@lemma=\count190
\c@note=\count191
\c@problem=\count192
\c@property=\count193
\c@proposition=\count194
\c@question=\count195
\c@solution=\count196
\c@remark=\count197
\c@figure=\count198
\c@table=\count199
\abovecaptionskip=\skip48
\belowcaptionskip=\skip49
\figcapgap=\dimen146
\tabcapgap=\dimen147
\figgap=\dimen148
\bibindent=\dimen149
\@tempcntc=\count266
) (c:/texlive/2020/texmf-dist/tex/latex/enumitem/enumitem.sty
Package: enumitem 2019/06/20 v3.9 Customized lists
\enitkv@toks@=\toks17
\labelindent=\skip50
\enit@outerparindent=\dimen150
\enit@toks=\toks18
\enit@inbox=\box50
\enit@count@id=\count267
\enitdp@description=\count268
)
(c:/texlive/2020/texmf-dist/tex/latex/graphics/color.sty
Package: color 2020/02/24 v1.2b Standard LaTeX Color (DPC)

(c:/texlive/2020/texmf-dist/tex/latex/graphics-cfg/color.cfg
File: color.cfg 2016/01/02 v1.6 sample color configuration
)
Package color Info: Driver file: pdftex.def on input line 147.

(c:/texlive/2020/texmf-dist/tex/latex/graphics-def/pdftex.def
File: pdftex.def 2020/10/05 v1.2a Graphics/color driver for pdftex
))
(c:/texlive/2020/texmf-dist/tex/latex/graphics/graphicx.sty
Package: graphicx 2020/09/09 v1.2b Enhanced LaTeX Graphics (DPC,SPQR)

(c:/texlive/2020/texmf-dist/tex/latex/graphics/keyval.sty
Package: keyval 2014/10/28 v1.15 key=value parser (DPC)
\KV@toks@=\toks19
)
(c:/texlive/2020/texmf-dist/tex/latex/graphics/graphics.sty
Package: graphics 2020/08/30 v1.4c Standard LaTeX Graphics (DPC,SPQR)

(c:/texlive/2020/texmf-dist/tex/latex/graphics/trig.sty
Package: trig 2016/01/03 v1.10 sin cos tan (DPC)
)
(c:/texlive/2020/texmf-dist/tex/latex/graphics-cfg/graphics.cfg
File: graphics.cfg 2016/06/04 v1.11 sample graphics configuration
)
Package graphics Info: Driver file: pdftex.def on input line 105.
)
\Gin@req@height=\dimen151
\Gin@req@width=\dimen152
)
(c:/texlive/2020/texmf-dist/tex/latex/pgf/frontendlayer/tikz.sty
(c:/texlive/2020/texmf-dist/tex/latex/pgf/basiclayer/pgf.sty
(c:/texlive/2020/texmf-dist/tex/latex/pgf/utilities/pgfrcs.sty
(c:/texlive/2020/texmf-dist/tex/generic/pgf/utilities/pgfutil-common.tex
\pgfutil@everybye=\toks20
\pgfutil@tempdima=\dimen153
\pgfutil@tempdimb=\dimen154

(c:/texlive/2020/texmf-dist/tex/generic/pgf/utilities/pgfutil-common-lists.tex)
) (c:/texlive/2020/texmf-dist/tex/generic/pgf/utilities/pgfutil-latex.def
\pgfutil@abb=\box51
)
(c:/texlive/2020/texmf-dist/tex/generic/pgf/utilities/pgfrcs.code.tex
(c:/texlive/2020/texmf-dist/tex/generic/pgf/pgf.revision.tex)
Package: pgfrcs 2020/10/01 v3.1.6a (3.1.6a)
))
Package: pgf 2020/10/01 v3.1.6a (3.1.6a)

(c:/texlive/2020/texmf-dist/tex/latex/pgf/basiclayer/pgfcore.sty
(c:/texlive/2020/texmf-dist/tex/latex/pgf/systemlayer/pgfsys.sty
(c:/texlive/2020/texmf-dist/tex/generic/pgf/systemlayer/pgfsys.code.tex
Package: pgfsys 2020/10/01 v3.1.6a (3.1.6a)

(c:/texlive/2020/texmf-dist/tex/generic/pgf/utilities/pgfkeys.code.tex
\pgfkeys@pathtoks=\toks21
\pgfkeys@temptoks=\toks22

(c:/texlive/2020/texmf-dist/tex/generic/pgf/utilities/pgfkeysfiltered.code.tex
\pgfkeys@tmptoks=\toks23
))
\pgf@x=\dimen155
\pgf@y=\dimen156
\pgf@xa=\dimen157
\pgf@ya=\dimen158
\pgf@xb=\dimen159
\pgf@yb=\dimen160
\pgf@xc=\dimen161
\pgf@yc=\dimen162
\pgf@xd=\dimen163
\pgf@yd=\dimen164
\w@pgf@writea=\write3
\r@pgf@reada=\read2
\c@pgf@counta=\count269
\c@pgf@countb=\count270
\c@pgf@countc=\count271
\c@pgf@countd=\count272
\t@pgf@toka=\toks24
\t@pgf@tokb=\toks25
\t@pgf@tokc=\toks26
\pgf@sys@id@count=\count273
 (c:/texlive/2020/texmf-dist/tex/generic/pgf/systemlayer/pgf.cfg
File: pgf.cfg 2020/10/01 v3.1.6a (3.1.6a)
)
Driver file for pgf: pgfsys-pdftex.def

(c:/texlive/2020/texmf-dist/tex/generic/pgf/systemlayer/pgfsys-pdftex.def
File: pgfsys-pdftex.def 2020/10/01 v3.1.6a (3.1.6a)

(c:/texlive/2020/texmf-dist/tex/generic/pgf/systemlayer/pgfsys-common-pdf.def
File: pgfsys-common-pdf.def 2020/10/01 v3.1.6a (3.1.6a)
)))
(c:/texlive/2020/texmf-dist/tex/generic/pgf/systemlayer/pgfsyssoftpath.code.tex
File: pgfsyssoftpath.code.tex 2020/10/01 v3.1.6a (3.1.6a)
\pgfsyssoftpath@smallbuffer@items=\count274
\pgfsyssoftpath@bigbuffer@items=\count275
)
(c:/texlive/2020/texmf-dist/tex/generic/pgf/systemlayer/pgfsysprotocol.code.tex
File: pgfsysprotocol.code.tex 2020/10/01 v3.1.6a (3.1.6a)
)) (c:/texlive/2020/texmf-dist/tex/latex/xcolor/xcolor.sty
Package: xcolor 2016/05/11 v2.12 LaTeX color extensions (UK)

(c:/texlive/2020/texmf-dist/tex/latex/graphics-cfg/color.cfg
File: color.cfg 2016/01/02 v1.6 sample color configuration
)
Package xcolor Info: Driver file: pdftex.def on input line 225.
LaTeX Info: Redefining \color on input line 709.
Package xcolor Info: Model `cmy' substituted by `cmy0' on input line 1348.
Package xcolor Info: Model `hsb' substituted by `rgb' on input line 1352.
Package xcolor Info: Model `RGB' extended on input line 1364.
Package xcolor Info: Model `HTML' substituted by `rgb' on input line 1366.
Package xcolor Info: Model `Hsb' substituted by `hsb' on input line 1367.
Package xcolor Info: Model `tHsb' substituted by `hsb' on input line 1368.
Package xcolor Info: Model `HSB' substituted by `hsb' on input line 1369.
Package xcolor Info: Model `Gray' substituted by `gray' on input line 1370.
Package xcolor Info: Model `wave' substituted by `hsb' on input line 1371.
)
(c:/texlive/2020/texmf-dist/tex/generic/pgf/basiclayer/pgfcore.code.tex
Package: pgfcore 2020/10/01 v3.1.6a (3.1.6a)

(c:/texlive/2020/texmf-dist/tex/generic/pgf/math/pgfmath.code.tex
(c:/texlive/2020/texmf-dist/tex/generic/pgf/math/pgfmathcalc.code.tex
(c:/texlive/2020/texmf-dist/tex/generic/pgf/math/pgfmathutil.code.tex)
(c:/texlive/2020/texmf-dist/tex/generic/pgf/math/pgfmathparser.code.tex
\pgfmath@dimen=\dimen165
\pgfmath@count=\count276
\pgfmath@box=\box52
\pgfmath@toks=\toks27
\pgfmath@stack@operand=\toks28
\pgfmath@stack@operation=\toks29
)
(c:/texlive/2020/texmf-dist/tex/generic/pgf/math/pgfmathfunctions.code.tex
(c:/texlive/2020/texmf-dist/tex/generic/pgf/math/pgfmathfunctions.basic.code.te
x)
(c:/texlive/2020/texmf-dist/tex/generic/pgf/math/pgfmathfunctions.trigonometric
.code.tex)
(c:/texlive/2020/texmf-dist/tex/generic/pgf/math/pgfmathfunctions.random.code.t
ex)
(c:/texlive/2020/texmf-dist/tex/generic/pgf/math/pgfmathfunctions.comparison.co
de.tex)
(c:/texlive/2020/texmf-dist/tex/generic/pgf/math/pgfmathfunctions.base.code.tex
)
(c:/texlive/2020/texmf-dist/tex/generic/pgf/math/pgfmathfunctions.round.code.te
x)
(c:/texlive/2020/texmf-dist/tex/generic/pgf/math/pgfmathfunctions.misc.code.tex
)
(c:/texlive/2020/texmf-dist/tex/generic/pgf/math/pgfmathfunctions.integerarithm
etics.code.tex)))
(c:/texlive/2020/texmf-dist/tex/generic/pgf/math/pgfmathfloat.code.tex
\c@pgfmathroundto@lastzeros=\count277
))
(c:/texlive/2020/texmf-dist/tex/generic/pgf/math/pgfint.code.tex)
(c:/texlive/2020/texmf-dist/tex/generic/pgf/basiclayer/pgfcorepoints.code.tex
File: pgfcorepoints.code.tex 2020/10/01 v3.1.6a (3.1.6a)
\pgf@picminx=\dimen166
\pgf@picmaxx=\dimen167
\pgf@picminy=\dimen168
\pgf@picmaxy=\dimen169
\pgf@pathminx=\dimen170
\pgf@pathmaxx=\dimen171
\pgf@pathminy=\dimen172
\pgf@pathmaxy=\dimen173
\pgf@xx=\dimen174
\pgf@xy=\dimen175
\pgf@yx=\dimen176
\pgf@yy=\dimen177
\pgf@zx=\dimen178
\pgf@zy=\dimen179
)
(c:/texlive/2020/texmf-dist/tex/generic/pgf/basiclayer/pgfcorepathconstruct.cod
e.tex
File: pgfcorepathconstruct.code.tex 2020/10/01 v3.1.6a (3.1.6a)
\pgf@path@lastx=\dimen180
\pgf@path@lasty=\dimen181
)
(c:/texlive/2020/texmf-dist/tex/generic/pgf/basiclayer/pgfcorepathusage.code.te
x
File: pgfcorepathusage.code.tex 2020/10/01 v3.1.6a (3.1.6a)
\pgf@shorten@end@additional=\dimen182
\pgf@shorten@start@additional=\dimen183
)
(c:/texlive/2020/texmf-dist/tex/generic/pgf/basiclayer/pgfcorescopes.code.tex
File: pgfcorescopes.code.tex 2020/10/01 v3.1.6a (3.1.6a)
\pgfpic=\box53
\pgf@hbox=\box54
\pgf@layerbox@main=\box55
\pgf@picture@serial@count=\count278
)
(c:/texlive/2020/texmf-dist/tex/generic/pgf/basiclayer/pgfcoregraphicstate.code
.tex
File: pgfcoregraphicstate.code.tex 2020/10/01 v3.1.6a (3.1.6a)
\pgflinewidth=\dimen184
)
(c:/texlive/2020/texmf-dist/tex/generic/pgf/basiclayer/pgfcoretransformations.c
ode.tex
File: pgfcoretransformations.code.tex 2020/10/01 v3.1.6a (3.1.6a)
\pgf@pt@x=\dimen185
\pgf@pt@y=\dimen186
\pgf@pt@temp=\dimen187
)
(c:/texlive/2020/texmf-dist/tex/generic/pgf/basiclayer/pgfcorequick.code.tex
File: pgfcorequick.code.tex 2020/10/01 v3.1.6a (3.1.6a)
)
(c:/texlive/2020/texmf-dist/tex/generic/pgf/basiclayer/pgfcoreobjects.code.tex
File: pgfcoreobjects.code.tex 2020/10/01 v3.1.6a (3.1.6a)
)
(c:/texlive/2020/texmf-dist/tex/generic/pgf/basiclayer/pgfcorepathprocessing.co
de.tex
File: pgfcorepathprocessing.code.tex 2020/10/01 v3.1.6a (3.1.6a)
)
(c:/texlive/2020/texmf-dist/tex/generic/pgf/basiclayer/pgfcorearrows.code.tex
File: pgfcorearrows.code.tex 2020/10/01 v3.1.6a (3.1.6a)
\pgfarrowsep=\dimen188
)
(c:/texlive/2020/texmf-dist/tex/generic/pgf/basiclayer/pgfcoreshade.code.tex
File: pgfcoreshade.code.tex 2020/10/01 v3.1.6a (3.1.6a)
\pgf@max=\dimen189
\pgf@sys@shading@range@num=\count279
\pgf@shadingcount=\count280
)
(c:/texlive/2020/texmf-dist/tex/generic/pgf/basiclayer/pgfcoreimage.code.tex
File: pgfcoreimage.code.tex 2020/10/01 v3.1.6a (3.1.6a)

(c:/texlive/2020/texmf-dist/tex/generic/pgf/basiclayer/pgfcoreexternal.code.tex
File: pgfcoreexternal.code.tex 2020/10/01 v3.1.6a (3.1.6a)
\pgfexternal@startupbox=\box56
))
(c:/texlive/2020/texmf-dist/tex/generic/pgf/basiclayer/pgfcorelayers.code.tex
File: pgfcorelayers.code.tex 2020/10/01 v3.1.6a (3.1.6a)
)
(c:/texlive/2020/texmf-dist/tex/generic/pgf/basiclayer/pgfcoretransparency.code
.tex
File: pgfcoretransparency.code.tex 2020/10/01 v3.1.6a (3.1.6a)
)
(c:/texlive/2020/texmf-dist/tex/generic/pgf/basiclayer/pgfcorepatterns.code.tex
File: pgfcorepatterns.code.tex 2020/10/01 v3.1.6a (3.1.6a)
) (c:/texlive/2020/texmf-dist/tex/generic/pgf/basiclayer/pgfcorerdf.code.tex
File: pgfcorerdf.code.tex 2020/10/01 v3.1.6a (3.1.6a)
))) (c:/texlive/2020/texmf-dist/tex/generic/pgf/modules/pgfmoduleshapes.code.te
x
File: pgfmoduleshapes.code.tex 2020/10/01 v3.1.6a (3.1.6a)
\pgfnodeparttextbox=\box57
)
(c:/texlive/2020/texmf-dist/tex/generic/pgf/modules/pgfmoduleplot.code.tex
File: pgfmoduleplot.code.tex 2020/10/01 v3.1.6a (3.1.6a)
)
(c:/texlive/2020/texmf-dist/tex/latex/pgf/compatibility/pgfcomp-version-0-65.st
y
Package: pgfcomp-version-0-65 2020/10/01 v3.1.6a (3.1.6a)
\pgf@nodesepstart=\dimen190
\pgf@nodesepend=\dimen191
)
(c:/texlive/2020/texmf-dist/tex/latex/pgf/compatibility/pgfcomp-version-1-18.st
y
Package: pgfcomp-version-1-18 2020/10/01 v3.1.6a (3.1.6a)
)) (c:/texlive/2020/texmf-dist/tex/latex/pgf/utilities/pgffor.sty
(c:/texlive/2020/texmf-dist/tex/latex/pgf/utilities/pgfkeys.sty
(c:/texlive/2020/texmf-dist/tex/generic/pgf/utilities/pgfkeys.code.tex))
(c:/texlive/2020/texmf-dist/tex/latex/pgf/math/pgfmath.sty
(c:/texlive/2020/texmf-dist/tex/generic/pgf/math/pgfmath.code.tex))
(c:/texlive/2020/texmf-dist/tex/generic/pgf/utilities/pgffor.code.tex
Package: pgffor 2020/10/01 v3.1.6a (3.1.6a)

(c:/texlive/2020/texmf-dist/tex/generic/pgf/math/pgfmath.code.tex)
\pgffor@iter=\dimen192
\pgffor@skip=\dimen193
\pgffor@stack=\toks30
\pgffor@toks=\toks31
))
(c:/texlive/2020/texmf-dist/tex/generic/pgf/frontendlayer/tikz/tikz.code.tex
Package: tikz 2020/10/01 v3.1.6a (3.1.6a)

(c:/texlive/2020/texmf-dist/tex/generic/pgf/libraries/pgflibraryplothandlers.co
de.tex
File: pgflibraryplothandlers.code.tex 2020/10/01 v3.1.6a (3.1.6a)
\pgf@plot@mark@count=\count281
\pgfplotmarksize=\dimen194
)
\tikz@lastx=\dimen195
\tikz@lasty=\dimen196
\tikz@lastxsaved=\dimen197
\tikz@lastysaved=\dimen198
\tikz@lastmovetox=\dimen199
\tikz@lastmovetoy=\dimen256
\tikzleveldistance=\dimen257
\tikzsiblingdistance=\dimen258
\tikz@figbox=\box58
\tikz@figbox@bg=\box59
\tikz@tempbox=\box60
\tikz@tempbox@bg=\box61
\tikztreelevel=\count282
\tikznumberofchildren=\count283
\tikznumberofcurrentchild=\count284
\tikz@fig@count=\count285

(c:/texlive/2020/texmf-dist/tex/generic/pgf/modules/pgfmodulematrix.code.tex
File: pgfmodulematrix.code.tex 2020/10/01 v3.1.6a (3.1.6a)
\pgfmatrixcurrentrow=\count286
\pgfmatrixcurrentcolumn=\count287
\pgf@matrix@numberofcolumns=\count288
)
\tikz@expandcount=\count289

(c:/texlive/2020/texmf-dist/tex/generic/pgf/frontendlayer/tikz/libraries/tikzli
brarytopaths.code.tex
File: tikzlibrarytopaths.code.tex 2020/10/01 v3.1.6a (3.1.6a)
))) (c:/texlive/2020/texmf-dist/tex/latex/tools/calc.sty
Package: calc 2017/05/25 v4.3 Infix arithmetic (KKT,FJ)
\calc@Acount=\count290
\calc@Bcount=\count291
\calc@Adimen=\dimen259
\calc@Bdimen=\dimen260
\calc@Askip=\skip51
\calc@Bskip=\skip52
LaTeX Info: Redefining \setlength on input line 80.
LaTeX Info: Redefining \addtolength on input line 81.
\calc@Ccount=\count292
\calc@Cskip=\skip53
)
(c:/texlive/2020/texmf-dist/tex/latex/tools/array.sty
Package: array 2020/10/01 v2.5c Tabular extension package (FMi)
\col@sep=\dimen261
\ar@mcellbox=\box62
\extrarowheight=\dimen262
\NC@list=\toks32
\extratabsurround=\skip54
\backup@length=\skip55
\ar@cellbox=\box63
)
(c:/texlive/2020/texmf-dist/tex/latex/amsmath/amsmath.sty
Package: amsmath 2020/09/23 v2.17i AMS math features
\@mathmargin=\skip56

For additional information on amsmath, use the `?' option.
(c:/texlive/2020/texmf-dist/tex/latex/amsmath/amstext.sty
Package: amstext 2000/06/29 v2.01 AMS text

(c:/texlive/2020/texmf-dist/tex/latex/amsmath/amsgen.sty
File: amsgen.sty 1999/11/30 v2.0 generic functions
\@emptytoks=\toks33
\ex@=\dimen263
))
(c:/texlive/2020/texmf-dist/tex/latex/amsmath/amsbsy.sty
Package: amsbsy 1999/11/29 v1.2d Bold Symbols
\pmbraise@=\dimen264
)
(c:/texlive/2020/texmf-dist/tex/latex/amsmath/amsopn.sty
Package: amsopn 2016/03/08 v2.02 operator names
)
\inf@bad=\count293
LaTeX Info: Redefining \frac on input line 234.
\uproot@=\count294
\leftroot@=\count295
LaTeX Info: Redefining \overline on input line 399.
\classnum@=\count296
\DOTSCASE@=\count297
LaTeX Info: Redefining \ldots on input line 496.
LaTeX Info: Redefining \dots on input line 499.
LaTeX Info: Redefining \cdots on input line 620.
\Mathstrutbox@=\box64
\strutbox@=\box65
\big@size=\dimen265
LaTeX Font Info:    Redeclaring font encoding OML on input line 743.
LaTeX Font Info:    Redeclaring font encoding OMS on input line 744.
\macc@depth=\count298
\c@MaxMatrixCols=\count299
\dotsspace@=\muskip16
\c@parentequation=\count300
\dspbrk@lvl=\count301
\tag@help=\toks34
\row@=\count302
\column@=\count303
\maxfields@=\count304
\andhelp@=\toks35
\eqnshift@=\dimen266
\alignsep@=\dimen267
\tagshift@=\dimen268
\tagwidth@=\dimen269
\totwidth@=\dimen270
\lineht@=\dimen271
\@envbody=\toks36
\multlinegap=\skip57
\multlinetaggap=\skip58
\mathdisplay@stack=\toks37
LaTeX Info: Redefining \[ on input line 2923.
LaTeX Info: Redefining \] on input line 2924.
)
(c:/texlive/2020/texmf-dist/tex/latex/amsfonts/amssymb.sty
Package: amssymb 2013/01/14 v3.01 AMS font symbols

(c:/texlive/2020/texmf-dist/tex/latex/amsfonts/amsfonts.sty
Package: amsfonts 2013/01/14 v3.01 Basic AMSFonts support
\symAMSa=\mathgroup4
\symAMSb=\mathgroup5
LaTeX Font Info:    Redeclaring math symbol \hbar on input line 98.
LaTeX Font Info:    Overwriting math alphabet `\mathfrak' in version `bold'
(Font)                  U/euf/m/n --> U/euf/b/n on input line 106.
))
(c:/texlive/2020/texmf-dist/tex/latex/graphbox/graphbox.sty
Package: graphbox 2018/01/17 v1.1 extension for graphicx to adjust containing b
ox
\Gin@box@box=\box66
\Gin@box@width=\skip59
\Gin@box@height=\skip60
\Gin@box@raise=\skip61
\Gin@box@hspace=\skip62
\Gin@box@bwidth=\skip63
\Gin@box@bheight=\skip64
)
(c:/texlive/2020/texmf-dist/tex/latex/wasysym/wasysym.sty
Package: wasysym 2020/01/19 v2.4 Wasy-2 symbol support package
\symwasy=\mathgroup6
LaTeX Font Info:    Overwriting symbol font `wasy' in version `bold'
(Font)                  U/wasy/m/n --> U/wasy/b/n on input line 93.
)
(c:/texlive/2020/texmf-dist/tex/generic/pgf/frontendlayer/tikz/libraries/tikzli
braryautomata.code.tex
File: tikzlibraryautomata.code.tex 2020/10/01 v3.1.6a (3.1.6a)

(c:/texlive/2020/texmf-dist/tex/generic/pgf/frontendlayer/tikz/libraries/tikzli
braryshapes.multipart.code.tex
File: tikzlibraryshapes.multipart.code.tex 2020/10/01 v3.1.6a (3.1.6a)

(c:/texlive/2020/texmf-dist/tex/generic/pgf/libraries/shapes/pgflibraryshapes.m
ultipart.code.tex
File: pgflibraryshapes.multipart.code.tex 2020/10/01 v3.1.6a (3.1.6a)
\pgfnodepartlowerbox=\box67
\pgfnodeparttwobox=\box68
\pgfnodepartthreebox=\box69
\pgfnodepartfourbox=\box70
\pgfnodeparttwentybox=\box71
\pgfnodepartnineteenbox=\box72
\pgfnodeparteighteenbox=\box73
\pgfnodepartseventeenbox=\box74
\pgfnodepartsixteenbox=\box75
\pgfnodepartfifteenbox=\box76
\pgfnodepartfourteenbox=\box77
\pgfnodepartthirteenbox=\box78
\pgfnodeparttwelvebox=\box79
\pgfnodepartelevenbox=\box80
\pgfnodeparttenbox=\box81
\pgfnodepartninebox=\box82
\pgfnodeparteightbox=\box83
\pgfnodepartsevenbox=\box84
\pgfnodepartsixbox=\box85
\pgfnodepartfivebox=\box86
)))
(c:/texlive/2020/texmf-dist/tex/generic/pgf/frontendlayer/tikz/libraries/tikzli
braryarrows.code.tex
File: tikzlibraryarrows.code.tex 2020/10/01 v3.1.6a (3.1.6a)

(c:/texlive/2020/texmf-dist/tex/generic/pgf/libraries/pgflibraryarrows.code.tex
File: pgflibraryarrows.code.tex 2020/10/01 v3.1.6a (3.1.6a)
\arrowsize=\dimen272
)) (c:/texlive/2020/texmf-dist/tex/latex/comment/comment.sty
\CommentStream=\write4

Excluding comment 'comment')
(c:/texlive/2020/texmf-dist/tex/latex/wrapfig/wrapfig.sty
\wrapoverhang=\dimen273
\WF@size=\dimen274
\c@WF@wrappedlines=\count305
\WF@box=\box87
\WF@everypar=\toks38
Package: wrapfig 2003/01/31  v 3.6
)
(c:/texlive/2020/texmf-dist/tex/latex/hyperref/hyperref.sty
Package: hyperref 2020-05-15 v7.00e Hypertext links for LaTeX

(c:/texlive/2020/texmf-dist/tex/generic/ltxcmds/ltxcmds.sty
Package: ltxcmds 2020-05-10 v1.25 LaTeX kernel commands for general use (HO)
)
(c:/texlive/2020/texmf-dist/tex/generic/iftex/iftex.sty
Package: iftex 2020/03/06 v1.0d TeX engine tests
)
(c:/texlive/2020/texmf-dist/tex/generic/pdftexcmds/pdftexcmds.sty
Package: pdftexcmds 2020-06-27 v0.33 Utility functions of pdfTeX for LuaTeX (HO
)

(c:/texlive/2020/texmf-dist/tex/generic/infwarerr/infwarerr.sty
Package: infwarerr 2019/12/03 v1.5 Providing info/warning/error messages (HO)
)
Package pdftexcmds Info: \pdf@primitive is available.
Package pdftexcmds Info: \pdf@ifprimitive is available.
Package pdftexcmds Info: \pdfdraftmode found.
)
(c:/texlive/2020/texmf-dist/tex/generic/kvsetkeys/kvsetkeys.sty
Package: kvsetkeys 2019/12/15 v1.18 Key value parser (HO)
)
(c:/texlive/2020/texmf-dist/tex/generic/kvdefinekeys/kvdefinekeys.sty
Package: kvdefinekeys 2019-12-19 v1.6 Define keys (HO)
)
(c:/texlive/2020/texmf-dist/tex/generic/pdfescape/pdfescape.sty
Package: pdfescape 2019/12/09 v1.15 Implements pdfTeX's escape features (HO)
)
(c:/texlive/2020/texmf-dist/tex/latex/hycolor/hycolor.sty
Package: hycolor 2020-01-27 v1.10 Color options for hyperref/bookmark (HO)
)
(c:/texlive/2020/texmf-dist/tex/latex/letltxmacro/letltxmacro.sty
Package: letltxmacro 2019/12/03 v1.6 Let assignment for LaTeX macros (HO)
)
(c:/texlive/2020/texmf-dist/tex/latex/auxhook/auxhook.sty
Package: auxhook 2019-12-17 v1.6 Hooks for auxiliary files (HO)
)
(c:/texlive/2020/texmf-dist/tex/latex/kvoptions/kvoptions.sty
Package: kvoptions 2020-10-07 v3.14 Key value format for package options (HO)
)
\@linkdim=\dimen275
\Hy@linkcounter=\count306
\Hy@pagecounter=\count307

(c:/texlive/2020/texmf-dist/tex/latex/hyperref/pd1enc.def
File: pd1enc.def 2020-05-15 v7.00e Hyperref: PDFDocEncoding definition (HO)
Now handling font encoding PD1 ...
... no UTF-8 mapping file for font encoding PD1
)
(c:/texlive/2020/texmf-dist/tex/generic/intcalc/intcalc.sty
Package: intcalc 2019/12/15 v1.3 Expandable calculations with integers (HO)
)
(c:/texlive/2020/texmf-dist/tex/generic/etexcmds/etexcmds.sty
Package: etexcmds 2019/12/15 v1.7 Avoid name clashes with e-TeX commands (HO)
)
\Hy@SavedSpaceFactor=\count308
Package hyperref Info: Hyper figures OFF on input line 4464.
Package hyperref Info: Link nesting OFF on input line 4469.
Package hyperref Info: Hyper index ON on input line 4472.
Package hyperref Info: Plain pages OFF on input line 4479.
Package hyperref Info: Backreferencing OFF on input line 4484.
Package hyperref Info: Implicit mode ON; LaTeX internals redefined.
Package hyperref Info: Bookmarks ON on input line 4717.
\c@Hy@tempcnt=\count309

(c:/texlive/2020/texmf-dist/tex/latex/url/url.sty
\Urlmuskip=\muskip17
Package: url 2013/09/16  ver 3.4  Verb mode for urls, etc.
)
LaTeX Info: Redefining \url on input line 5076.
\XeTeXLinkMargin=\dimen276

(c:/texlive/2020/texmf-dist/tex/generic/bitset/bitset.sty
Package: bitset 2019/12/09 v1.3 Handle bit-vector datatype (HO)

(c:/texlive/2020/texmf-dist/tex/generic/bigintcalc/bigintcalc.sty
Package: bigintcalc 2019/12/15 v1.5 Expandable calculations on big integers (HO
)
))
\Fld@menulength=\count310
\Field@Width=\dimen277
\Fld@charsize=\dimen278
Package hyperref Info: Hyper figures OFF on input line 6347.
Package hyperref Info: Link nesting OFF on input line 6352.
Package hyperref Info: Hyper index ON on input line 6355.
Package hyperref Info: backreferencing OFF on input line 6362.
Package hyperref Info: Link coloring OFF on input line 6367.
Package hyperref Info: Link coloring with OCG OFF on input line 6372.
Package hyperref Info: PDF/A mode OFF on input line 6377.
LaTeX Info: Redefining \ref on input line 6417.
LaTeX Info: Redefining \pageref on input line 6421.

(c:/texlive/2020/texmf-dist/tex/latex/base/atbegshi-ltx.sty
Package: atbegshi-ltx 2020/08/17 v1.0a Emulation of the original atbegshi packa
ge
with kernel methods
)
\Hy@abspage=\count311
\c@Item=\count312
\c@Hfootnote=\count313
)
Package hyperref Info: Driver (autodetected): hpdftex.

(c:/texlive/2020/texmf-dist/tex/latex/hyperref/hpdftex.def
File: hpdftex.def 2020-05-15 v7.00e Hyperref driver for pdfTeX

(c:/texlive/2020/texmf-dist/tex/latex/base/atveryend-ltx.sty
Package: atveryend-ltx 2020/08/19 v1.0a Emulation of the original atvery packag
e
with kernel methods
)
\Fld@listcount=\count314
\c@bookmark@seq@number=\count315

(c:/texlive/2020/texmf-dist/tex/latex/rerunfilecheck/rerunfilecheck.sty
Package: rerunfilecheck 2019/12/05 v1.9 Rerun checks for auxiliary files (HO)

(c:/texlive/2020/texmf-dist/tex/generic/uniquecounter/uniquecounter.sty
Package: uniquecounter 2019/12/15 v1.4 Provide unlimited unique counter (HO)
)
Package uniquecounter Info: New unique counter `rerunfilecheck' on input line 2
86.
)
\Hy@SectionHShift=\skip65
)
(c:/texlive/2020/texmf-dist/tex/latex/supertabular/supertabular.sty
Package: supertabular 2020/02/02 v4.1g the supertabular environment
\c@tracingst=\count316
\ST@wd=\dimen279
\ST@rightskip=\skip66
\ST@leftskip=\skip67
\ST@parfillskip=\skip68
\ST@pageleft=\dimen280
\ST@headht=\dimen281
\ST@tailht=\dimen282
\ST@pagesofar=\dimen283
\ST@pboxht=\dimen284
\ST@lineht=\dimen285
\ST@prevht=\dimen286
\ST@toadd=\dimen287
\ST@dimen=\dimen288
\ST@pbox=\box88
)
(c:/texlive/2020/texmf-dist/tex/latex/l3backend/l3backend-pdftex.def
File: l3backend-pdftex.def 2020-09-24 L3 backend support: PDF output (pdfTeX)
\l__kernel_color_stack_int=\count317
\l__pdf_internal_box=\box89
)
(./nc2020.aux)
\openout1 = `nc2020.aux'.

LaTeX Font Info:    Checking defaults for OML/cmm/m/it on input line 34.
LaTeX Font Info:    ... okay on input line 34.
LaTeX Font Info:    Checking defaults for OMS/cmsy/m/n on input line 34.
LaTeX Font Info:    ... okay on input line 34.
LaTeX Font Info:    Checking defaults for OT1/cmr/m/n on input line 34.
LaTeX Font Info:    ... okay on input line 34.
LaTeX Font Info:    Checking defaults for T1/cmr/m/n on input line 34.
LaTeX Font Info:    ... okay on input line 34.
LaTeX Font Info:    Checking defaults for TS1/cmr/m/n on input line 34.
LaTeX Font Info:    ... okay on input line 34.
LaTeX Font Info:    Checking defaults for OMX/cmex/m/n on input line 34.
LaTeX Font Info:    ... okay on input line 34.
LaTeX Font Info:    Checking defaults for U/cmr/m/n on input line 34.
LaTeX Font Info:    ... okay on input line 34.
LaTeX Font Info:    Checking defaults for PD1/pdf/m/n on input line 34.
LaTeX Font Info:    ... okay on input line 34.

Unknown journal: specify \journalname{<name of your journal>} in preambel

(c:/texlive/2020/texmf-dist/tex/context/base/mkii/supp-pdf.mkii
[Loading MPS to PDF converter (version 2006.09.02).]
\scratchcounter=\count318
\scratchdimen=\dimen289
\scratchbox=\box90
\nofMPsegments=\count319
\nofMParguments=\count320
\everyMPshowfont=\toks39
\MPscratchCnt=\count321
\MPscratchDim=\dimen290
\MPnumerator=\count322
\makeMPintoPDFobject=\count323
\everyMPtoPDFconversion=\toks40
) (c:/texlive/2020/texmf-dist/tex/latex/epstopdf-pkg/epstopdf-base.sty
Package: epstopdf-base 2020-01-24 v2.11 Base part for package epstopdf
Package epstopdf-base Info: Redefining graphics rule for `.eps' on input line 4
85.

(c:/texlive/2020/texmf-dist/tex/latex/latexconfig/epstopdf-sys.cfg
File: epstopdf-sys.cfg 2010/07/13 v1.3 Configuration of (r)epstopdf for TeX Liv
e
))
Package hyperref Info: Link coloring OFF on input line 34.

(c:/texlive/2020/texmf-dist/tex/latex/hyperref/nameref.sty
Package: nameref 2019/09/16 v2.46 Cross-referencing by name of section

(c:/texlive/2020/texmf-dist/tex/latex/refcount/refcount.sty
Package: refcount 2019/12/15 v3.6 Data extraction from label references (HO)
)
(c:/texlive/2020/texmf-dist/tex/generic/gettitlestring/gettitlestring.sty
Package: gettitlestring 2019/12/15 v1.6 Cleanup title references (HO)
)
\c@section@level=\count324
)
LaTeX Info: Redefining \ref on input line 34.
LaTeX Info: Redefining \pageref on input line 34.
LaTeX Info: Redefining \nameref on input line 34.

(./nc2020.out) (./nc2020.out)
\@outlinefile=\write5
\openout5 = `nc2020.out'.


SVJour3 warning: Missing \journalname

LaTeX Font Warning: Font shape `OT1/cmr/bx/n' in size <16> not available
(Font)              size <17.28> substituted on input line 58.

LaTeX Font Info:    Trying to load font information for U+msa on input line 58.

(c:/texlive/2020/texmf-dist/tex/latex/amsfonts/umsa.fd
File: umsa.fd 2013/01/14 v3.01 AMS symbols A
)
LaTeX Font Info:    Trying to load font information for U+msb on input line 58.


(c:/texlive/2020/texmf-dist/tex/latex/amsfonts/umsb.fd
File: umsb.fd 2013/01/14 v3.01 AMS symbols B
)
LaTeX Font Info:    Trying to load font information for U+wasy on input line 58
.

(c:/texlive/2020/texmf-dist/tex/latex/wasysym/uwasy.fd
File: uwasy.fd 2020/01/19 v2.4 Wasy-2 symbol font definitions
)

LaTeX Font Warning: Font shape `U/wasy/b/n' in size <7> not available
(Font)              Font shape `U/wasy/m/n' tried instead on input line 58.


LaTeX Font Warning: Font shape `U/wasy/b/n' in size <5> not available
(Font)              Font shape `U/wasy/m/n' tried instead on input line 58.

LaTeX Font Info:    Calculating math sizes for size <8.5> on input line 58.

LaTeX Font Warning: Font shape `OML/cmm/m/it' in size <8.5> not available
(Font)              size <8> substituted on input line 58.


LaTeX Font Warning: Font shape `OML/cmm/m/it' in size <4.25> not available
(Font)              size <5> substituted on input line 58.


LaTeX Font Warning: Font shape `OMS/cmsy/m/n' in size <8.5> not available
(Font)              size <8> substituted on input line 58.


LaTeX Font Warning: Font shape `OMS/cmsy/m/n' in size <4.25> not available
(Font)              size <5> substituted on input line 58.


LaTeX Font Warning: Font shape `U/wasy/m/n' in size <8.5> not available
(Font)              size <8> substituted on input line 58.


LaTeX Font Warning: Font shape `U/wasy/m/n' in size <4.25> not available
(Font)              size <5> substituted on input line 58.


Overfull \hbox (1.67403pt too wide) in paragraph at lines 69--74
\OT1/cmr/m/n/10 count. Evans has demon-strated a DNA tile self-assembly
 []



pdfTeX warning: pdflatex.exe (file ./fig/rna_origami.pdf): PDF inclusion: found
 PDF version <1.6>, but at most version <1.5> allowed
<fig/rna_origami.pdf, id=37, 3918.64pt x 877.2775pt>
File: fig/rna_origami.pdf Graphic file (type pdf)
<use fig/rna_origami.pdf>
Package pdftex.def Info: fig/rna_origami.pdf  used on input line 77.
(pdftex.def)             Requested size: 238.96417pt x 53.49109pt.

LaTeX Font Warning: Font shape `OT1/cmr/bx/n' in size <8.5> not available
(Font)              size <8> substituted on input line 78.


LaTeX Warning: Command \textcircled invalid in math mode on input line 87.


LaTeX Warning: Command \textcircled invalid in math mode on input line 87.


LaTeX Warning: Command \textcircled invalid in math mode on input line 87.


LaTeX Warning: Command \textcircled invalid in math mode on input line 87.


LaTeX Warning: Command \textcircled invalid in math mode on input line 87.


LaTeX Warning: Command \textcircled invalid in math mode on input line 87.


LaTeX Warning: Command \textcircled invalid in math mode on input line 87.


LaTeX Warning: Command \textcircled invalid in math mode on input line 87.


LaTeX Warning: Command \textcircled invalid in math mode on input line 89.


LaTeX Warning: Command \textcircled invalid in math mode on input line 89.


LaTeX Warning: Command \textcircled invalid in math mode on input line 89.


LaTeX Warning: Command \textcircled invalid in math mode on input line 89.


LaTeX Warning: Command \textcircled invalid in math mode on input line 89.


LaTeX Warning: Command \textcircled invalid in math mode on input line 89.


LaTeX Warning: Command \textcircled invalid in math mode on input line 89.


LaTeX Warning: Command \textcircled invalid in math mode on input line 89.


LaTeX Warning: Command \textcircled invalid in math mode on input line 89.


LaTeX Warning: Command \textcircled invalid in math mode on input line 89.


LaTeX Warning: Command \textcircled invalid in math mode on input line 89.


LaTeX Warning: Command \textcircled invalid in math mode on input line 89.


Overfull \hbox (6.56413pt too wide) in paragraph at lines 82--94
\OT1/cmr/m/n/10 ori-tatami model of co-tran-scrip-tional fold-ing [[]]. As show
n
 []


Overfull \hbox (4.48465pt too wide) in paragraph at lines 82--94
\OT1/cmr/m/n/10 called \OT1/cmr/m/it/10 beads \OT1/cmr/m/n/10 of finitely many 
types over the 2-dimensional
 []


Overfull \hbox (5.08058pt too wide) in paragraph at lines 82--94
\OT1/cmr/m/n/10 counter in [[]] is of pe-riod 60 as $[][][][] [] [][][][][] [] 
$
 []


Underfull \vbox (badness 1033) has occurred while \output is active []

 [1{c:/texlive/2020/texmf-var/fonts/map/pdftex/updmap/pdftex.map}


 <./fig/rna_origami.pdf>]

LaTeX Warning: Command \textcircled invalid in math mode on input line 97.


LaTeX Warning: Command \textcircled invalid in math mode on input line 97.


LaTeX Warning: Command \textcircled invalid in math mode on input line 97.


LaTeX Warning: Command \textcircled invalid in math mode on input line 97.


LaTeX Warning: Command \textcircled invalid in math mode on input line 97.


LaTeX Warning: Command \textcircled invalid in math mode on input line 97.


Underfull \vbox (badness 10000) has occurred while \output is active []

 [2]

LaTeX Font Warning: Font shape `OT1/cmtt/m/n' in size <8.5> not available
(Font)              size <8> substituted on input line 292.


Underfull \hbox (badness 1048) in paragraph at lines 292--292
[][][]\OT1/cmr/m/n/8.5 A video to show how a glider folds can be found
 []

<fig/svg/inf-ai_c_2.pdf, id=121, 2042.70894pt x 2486.75069pt>
File: fig/svg/inf-ai_c_2.pdf Graphic file (type pdf)
<use fig/svg/inf-ai_c_2.pdf>
Package pdftex.def Info: fig/svg/inf-ai_c_2.pdf  used on input line 320.
(pdftex.def)             Requested size: 445.49698pt x 542.30582pt.
<fig/svg/tglider.pdf, id=122, 118.94438pt x 57.18515pt>
File: fig/svg/tglider.pdf Graphic file (type pdf)
<use fig/svg/tglider.pdf>
Package pdftex.def Info: fig/svg/tglider.pdf  used on input line 365.
(pdftex.def)             Requested size: 74.24698pt x 35.69699pt.
<fig/svg/bglider.pdf, id=123, 118.94438pt x 57.18515pt>
File: fig/svg/bglider.pdf Graphic file (type pdf)
<use fig/svg/bglider.pdf>
Package pdftex.def Info: fig/svg/bglider.pdf  used on input line 365.
(pdftex.def)             Requested size: 74.24698pt x 35.69699pt.
<fig/svg/plane.pdf, id=124, 152.82094pt x 56.43233pt>
File: fig/svg/plane.pdf Graphic file (type pdf)
<use fig/svg/plane.pdf>
Package pdftex.def Info: fig/svg/plane.pdf  used on input line 365.
(pdftex.def)             Requested size: 74.24698pt x 27.41699pt.
<fig/svg/spiral.pdf, id=125, 152.82094pt x 57.18515pt>
File: fig/svg/spiral.pdf Graphic file (type pdf)
<use fig/svg/spiral.pdf>
Package pdftex.def Info: fig/svg/spiral.pdf  used on input line 365.
(pdftex.def)             Requested size: 74.24698pt x 27.78275pt.
<fig/svg/horn.pdf, id=126, 107.65219pt x 96.30278pt>
File: fig/svg/horn.pdf Graphic file (type pdf)
<use fig/svg/horn.pdf>
Package pdftex.def Info: fig/svg/horn.pdf  used on input line 365.
(pdftex.def)             Requested size: 64.35242pt x 57.56902pt.
<fig/svg/kar.pdf, id=127, 85.06781pt x 115.10805pt>
File: fig/svg/kar.pdf Graphic file (type pdf)
<use fig/svg/kar.pdf>
Package pdftex.def Info: fig/svg/kar.pdf  used on input line 365.
(pdftex.def)             Requested size: 54.4503pt x 73.67943pt.
<fig/svg/roof.pdf, id=128, 130.98938pt x 76.74397pt>
File: fig/svg/roof.pdf Graphic file (type pdf)
<use fig/svg/roof.pdf>
Package pdftex.def Info: fig/svg/roof.pdf  used on input line 365.
(pdftex.def)             Requested size: 74.24698pt x 43.50093pt.
<fig/svg/fault.pdf, id=129, 152.82094pt x 57.18515pt>
File: fig/svg/fault.pdf Graphic file (type pdf)
<use fig/svg/fault.pdf>
Package pdftex.def Info: fig/svg/fault.pdf  used on input line 365.
(pdftex.def)             Requested size: 98.99849pt x 37.04424pt.
<fig/svg/cliff.pdf, id=130, 118.94438pt x 57.18515pt>
File: fig/svg/cliff.pdf Graphic file (type pdf)
<use fig/svg/cliff.pdf>
Package pdftex.def Info: fig/svg/cliff.pdf  used on input line 365.
(pdftex.def)             Requested size: 74.24698pt x 35.69699pt.

LaTeX Warning: Float too large for page by 40.33157pt on input line 369.



pdfTeX warning: pdflatex.exe (file ./fig/svg/Fnt_1.pdf): PDF inclusion: found P
DF version <1.7>, but at most version <1.5> allowed
<fig/svg/Fnt_1.pdf, id=131, 431.6125pt x 196.735pt>
File: fig/svg/Fnt_1.pdf Graphic file (type pdf)
<use fig/svg/Fnt_1.pdf>
Package pdftex.def Info: fig/svg/Fnt_1.pdf  used on input line 377.
(pdftex.def)             Requested size: 83.63708pt x 38.1215pt.


pdfTeX warning: pdflatex.exe (file ./fig/svg/Fnb_1.pdf): PDF inclusion: found P
DF version <1.7>, but at most version <1.5> allowed
<fig/svg/Fnb_1.pdf, id=132, 427.5975pt x 196.735pt>
File: fig/svg/Fnb_1.pdf Graphic file (type pdf)
<use fig/svg/Fnb_1.pdf>
Package pdftex.def Info: fig/svg/Fnb_1.pdf  used on input line 382.
(pdftex.def)             Requested size: 83.63708pt x 38.47873pt.


pdfTeX warning: pdflatex.exe (file ./fig/svg/F0_1.pdf): PDF inclusion: found PD
F version <1.7>, but at most version <1.5> allowed
<fig/svg/F0_1.pdf, id=133, 417.56pt x 205.76875pt>
File: fig/svg/F0_1.pdf Graphic file (type pdf)
<use fig/svg/F0_1.pdf>
Package pdftex.def Info: fig/svg/F0_1.pdf  used on input line 391.
(pdftex.def)             Requested size: 83.63708pt x 41.21266pt.


pdfTeX warning: pdflatex.exe (file ./fig/svg/F1_1.pdf): PDF inclusion: found PD
F version <1.7>, but at most version <1.5> allowed
<fig/svg/F1_1.pdf, id=134, 398.48875pt x 202.7575pt>
File: fig/svg/F1_1.pdf Graphic file (type pdf)
<use fig/svg/F1_1.pdf>
Package pdftex.def Info: fig/svg/F1_1.pdf  used on input line 396.
(pdftex.def)             Requested size: 83.63708pt x 42.55557pt.

Overfull \hbox (15.01047pt too wide) in paragraph at lines 374--402
[][]
 []


Underfull \hbox (badness 10000) in paragraph at lines 374--402

 []


Underfull \hbox (badness 10000) in paragraph at lines 374--402

 []


Overfull \hbox (15.01047pt too wide) in paragraph at lines 374--402
[] 
 []



pdfTeX warning: pdflatex.exe (file ./fig/svg/Lt_3.pdf): PDF inclusion: found PD
F version <1.7>, but at most version <1.5> allowed
<fig/svg/Lt_3.pdf, id=135, 522.95375pt x 145.54375pt>
File: fig/svg/Lt_3.pdf Graphic file (type pdf)
<use fig/svg/Lt_3.pdf>
Package pdftex.def Info: fig/svg/Lt_3.pdf  used on input line 414.
(pdftex.def)             Requested size: 107.53314pt x 29.9277pt.


pdfTeX warning: pdflatex.exe (file ./fig/svg/Lbc_3.pdf): PDF inclusion: found P
DF version <1.7>, but at most version <1.5> allowed
<fig/svg/Lbc_3.pdf, id=136, 540.0175pt x 145.54375pt>
File: fig/svg/Lbc_3.pdf Graphic file (type pdf)
<use fig/svg/Lbc_3.pdf>
Package pdftex.def Info: fig/svg/Lbc_3.pdf  used on input line 419.
(pdftex.def)             Requested size: 107.53314pt x 28.98164pt.

Overfull \hbox (15.01047pt too wide) in paragraph at lines 411--423
[][] 
 []



pdfTeX warning: pdflatex.exe (file ./fig/svg/Ltrc_3.pdf): PDF inclusion: found 
PDF version <1.7>, but at most version <1.5> allowed
<fig/svg/Ltrc_3.pdf, id=137, 394.47375pt x 306.14375pt>
File: fig/svg/Ltrc_3.pdf Graphic file (type pdf)
<use fig/svg/Ltrc_3.pdf>
Package pdftex.def Info: fig/svg/Ltrc_3.pdf  used on input line 429.
(pdftex.def)             Requested size: 95.58603pt x 74.18137pt.


pdfTeX warning: pdflatex.exe (file ./fig/svg/Ltre_3.pdf): PDF inclusion: found 
PDF version <1.7>, but at most version <1.5> allowed
<fig/svg/Ltre_3.pdf, id=138, 481.8pt x 241.90375pt>
File: fig/svg/Ltre_3.pdf Graphic file (type pdf)
<use fig/svg/Ltre_3.pdf>
Package pdftex.def Info: fig/svg/Ltre_3.pdf  used on input line 434.
(pdftex.def)             Requested size: 119.48209pt x 59.98856pt.

Overfull \hbox (15.01047pt too wide) in paragraph at lines 426--437
[][] 
 []



pdfTeX warning: pdflatex.exe (file ./fig/svg/Lbe_3.pdf): PDF inclusion: found P
DF version <1.7>, but at most version <1.5> allowed
<fig/svg/Lbe_3.pdf, id=139, 555.07375pt x 192.72pt>
File: fig/svg/Lbe_3.pdf Graphic file (type pdf)
<use fig/svg/Lbe_3.pdf>
Package pdftex.def Info: fig/svg/Lbe_3.pdf  used on input line 439.
(pdftex.def)             Requested size: 119.48209pt x 41.48398pt.


pdfTeX warning: pdflatex.exe (file ./fig/svg/H00_1.pdf): PDF inclusion: found P
DF version <1.7>, but at most version <1.5> allowed
<fig/svg/H00_1.pdf, id=140, 406.51875pt x 198.7425pt>
File: fig/svg/H00_1.pdf Graphic file (type pdf)
<use fig/svg/H00_1.pdf>
Package pdftex.def Info: fig/svg/H00_1.pdf  used on input line 454.
(pdftex.def)             Requested size: 70.97226pt x 34.69554pt.


pdfTeX warning: pdflatex.exe (file ./fig/svg/H01_1.pdf): PDF inclusion: found P
DF version <1.7>, but at most version <1.5> allowed
<fig/svg/H01_1.pdf, id=141, 417.56pt x 198.7425pt>
File: fig/svg/H01_1.pdf Graphic file (type pdf)
<use fig/svg/H01_1.pdf>
Package pdftex.def Info: fig/svg/H01_1.pdf  used on input line 459.
(pdftex.def)             Requested size: 70.97226pt x 33.77971pt.


pdfTeX warning: pdflatex.exe (file ./fig/svg/He1_1.pdf): PDF inclusion: found P
DF version <1.7>, but at most version <1.5> allowed
<fig/svg/He1_1.pdf, id=142, 428.60126pt x 129.48375pt>
File: fig/svg/He1_1.pdf Graphic file (type pdf)
<use fig/svg/He1_1.pdf>
Package pdftex.def Info: fig/svg/He1_1.pdf  used on input line 465.
(pdftex.def)             Requested size: 70.97226pt x 21.44095pt.

Overfull \hbox (15.63258pt too wide) in paragraph at lines 451--468
[][] 
 []



pdfTeX warning: pdflatex.exe (file ./fig/svg/H10_1.pdf): PDF inclusion: found P
DF version <1.7>, but at most version <1.5> allowed
<fig/svg/H10_1.pdf, id=143, 406.51875pt x 198.7425pt>
File: fig/svg/H10_1.pdf Graphic file (type pdf)
<use fig/svg/H10_1.pdf>
Package pdftex.def Info: fig/svg/H10_1.pdf  used on input line 473.
(pdftex.def)             Requested size: 70.97226pt x 34.69554pt.


pdfTeX warning: pdflatex.exe (file ./fig/svg/H11_1.pdf): PDF inclusion: found P
DF version <1.7>, but at most version <1.5> allowed
<fig/svg/H11_1.pdf, id=144, 417.56pt x 198.7425pt>
File: fig/svg/H11_1.pdf Graphic file (type pdf)
<use fig/svg/H11_1.pdf>
Package pdftex.def Info: fig/svg/H11_1.pdf  used on input line 478.
(pdftex.def)             Requested size: 70.97226pt x 33.77971pt.


pdfTeX warning: pdflatex.exe (file ./fig/svg/Hn_1.pdf): PDF inclusion: found PD
F version <1.7>, but at most version <1.5> allowed
<fig/svg/Hn_1.pdf, id=145, 433.62pt x 198.7425pt>
File: fig/svg/Hn_1.pdf Graphic file (type pdf)
<use fig/svg/Hn_1.pdf>
Package pdftex.def Info: fig/svg/Hn_1.pdf  used on input line 483.
(pdftex.def)             Requested size: 70.97226pt x 32.52725pt.

Overfull \hbox (15.63258pt too wide) in paragraph at lines 469--488
[][] 
 []



pdfTeX warning: pdflatex.exe (file ./fig/svg/Rt_1.pdf): PDF inclusion: found PD
F version <1.7>, but at most version <1.5> allowed
<fig/svg/Rt_1.pdf, id=146, 541.02126pt x 143.53625pt>
File: fig/svg/Rt_1.pdf Graphic file (type pdf)
<use fig/svg/Rt_1.pdf>
Package pdftex.def Info: fig/svg/Rt_1.pdf  used on input line 497.
(pdftex.def)             Requested size: 95.58603pt x 25.35794pt.


pdfTeX warning: pdflatex.exe (file ./fig/svg/Rb_1(2).pdf): PDF inclusion: found
 PDF version <1.7>, but at most version <1.5> allowed
<fig/svg/Rb_1(2).pdf, id=147, 526.96875pt x 143.53625pt>
File: fig/svg/Rb_1(2).pdf Graphic file (type pdf)
<use fig/svg/Rb_1(2).pdf>
Package pdftex.def Info: fig/svg/Rb_1(2).pdf  used on input line 500.
(pdftex.def)             Requested size: 95.58603pt x 26.03471pt.


pdfTeX warning: pdflatex.exe (file ./fig/svg/Rb_1.pdf): PDF inclusion: found PD
F version <1.7>, but at most version <1.5> allowed
<fig/svg/Rb_1.pdf, id=148, 526.96875pt x 74.2775pt>
File: fig/svg/Rb_1.pdf Graphic file (type pdf)
<use fig/svg/Rb_1.pdf>
Package pdftex.def Info: fig/svg/Rb_1.pdf  used on input line 502.
(pdftex.def)             Requested size: 95.58603pt x 13.4725pt.


pdfTeX warning: pdflatex.exe (file ./fig/svg/Rtr_1.pdf): PDF inclusion: found P
DF version <1.7>, but at most version <1.5> allowed
<fig/svg/Rtr_1.pdf, id=149, 305.14pt x 257.96375pt>
File: fig/svg/Rtr_1.pdf Graphic file (type pdf)
<use fig/svg/Rtr_1.pdf>
Package pdftex.def Info: fig/svg/Rtr_1.pdf  used on input line 507.
(pdftex.def)             Requested size: 83.63708pt x 70.70604pt.

Overfull \hbox (15.01047pt too wide) in paragraph at lines 494--510
[][] 
 []

[3] [4] [5 <./fig/svg/inf-ai_c_2.pdf> <./fig/svg/tglider.pdf

pdfTeX warning: pdflatex.exe (file ./fig/svg/tglider.pdf): PDF inclusion: multi
ple pdfs with page group included in a single page
> <./fig/svg/bglider.pdf

pdfTeX warning: pdflatex.exe (file ./fig/svg/bglider.pdf): PDF inclusion: multi
ple pdfs with page group included in a single page
> <./fig/svg/plane.pdf

pdfTeX warning: pdflatex.exe (file ./fig/svg/plane.pdf): PDF inclusion: multipl
e pdfs with page group included in a single page
> <./fig/svg/spiral.pdf

pdfTeX warning: pdflatex.exe (file ./fig/svg/spiral.pdf): PDF inclusion: multip
le pdfs with page group included in a single page
> <./fig/svg/horn.pdf

pdfTeX warning: pdflatex.exe (file ./fig/svg/horn.pdf): PDF inclusion: multiple
 pdfs with page group included in a single page
> <./fig/svg/kar.pdf

pdfTeX warning: pdflatex.exe (file ./fig/svg/kar.pdf): PDF inclusion: multiple 
pdfs with page group included in a single page
> <./fig/svg/roof.pdf

pdfTeX warning: pdflatex.exe (file ./fig/svg/roof.pdf): PDF inclusion: multiple
 pdfs with page group included in a single page
> <./fig/svg/fault.pdf

pdfTeX warning: pdflatex.exe (file ./fig/svg/fault.pdf): PDF inclusion: multipl
e pdfs with page group included in a single page
> <./fig/svg/cliff.pdf

pdfTeX warning: pdflatex.exe (file ./fig/svg/cliff.pdf): PDF inclusion: multipl
e pdfs with page group included in a single page
>]
<fig/svg/CounterEx5_1.pdf, id=296, 1382.91656pt x 162.56627pt>
File: fig/svg/CounterEx5_1.pdf Graphic file (type pdf)
<use fig/svg/CounterEx5_1.pdf>
Package pdftex.def Info: fig/svg/CounterEx5_1.pdf  used on input line 612.
(pdftex.def)             Requested size: 445.49698pt x 52.36954pt.
<fig/svg/CounterEx11_1.pdf, id=299, 1495.83844pt x 247.50874pt>
File: fig/svg/CounterEx11_1.pdf Graphic file (type pdf)
<use fig/svg/CounterEx11_1.pdf>
Package pdftex.def Info: fig/svg/CounterEx11_1.pdf  used on input line 626.
(pdftex.def)             Requested size: 495.0pt x 81.90472pt.
<fig/svg/CounterEx13_1.pdf, id=300, 1529.715pt x 263.75691pt>
File: fig/svg/CounterEx13_1.pdf Graphic file (type pdf)
<use fig/svg/CounterEx13_1.pdf>
Package pdftex.def Info: fig/svg/CounterEx13_1.pdf  used on input line 638.
(pdftex.def)             Requested size: 495.0pt x 85.3497pt.
 [6 <./fig/svg/Fnt_1.pdf> <./fig/svg/Fnb_1.pdf> <./fig/svg/F0_1.pdf> <./fig/svg
/F1_1.pdf> <./fig/svg/Lt_3.pdf> <./fig/svg/Lbc_3.pdf> <./fig/svg/Ltrc_3.pdf> <.
/fig/svg/Ltre_3.pdf

pdfTeX warning: pdflatex.exe (file ./fig/svg/Ltre_3.pdf): PDF inclusion: multip
le pdfs with page group included in a single page
> <./fig/svg/Lbe_3.pdf> <./fig/svg/H00_1.pdf> <./fig/svg/H01_1.pdf> <./fig/svg/
He1_1.pdf> <./fig/svg/H10_1.pdf> <./fig/svg/H11_1.pdf> <./fig/svg/Hn_1.pdf> <./
fig/svg/Rt_1.pdf> <./fig/svg/Rb_1(2).pdf> <./fig/svg/Rb_1.pdf> <./fig/svg/Rtr_1
.pdf

pdfTeX warning: pdflatex.exe (file ./fig/svg/Rtr_1.pdf): PDF inclusion: multipl
e pdfs with page group included in a single page
>]
<fig/svg/CounterEx14_2.pdf, id=969, 605.26125pt x 278.54062pt>
File: fig/svg/CounterEx14_2.pdf Graphic file (type pdf)
<use fig/svg/CounterEx14_2.pdf>
Package pdftex.def Info: fig/svg/CounterEx14_2.pdf  used on input line 694.
(pdftex.def)             Requested size: 197.99698pt x 91.1154pt.
<fig/svg/CounterEx15_2.pdf, id=970, 833.36343pt x 274.77657pt>
File: fig/svg/CounterEx15_2.pdf Graphic file (type pdf)
<use fig/svg/CounterEx15_2.pdf>
Package pdftex.def Info: fig/svg/CounterEx15_2.pdf  used on input line 702.
(pdftex.def)             Requested size: 247.5pt x 81.60342pt.
<fig/svg/CounterEx17_3.pdf, id=971, 870.47156pt x 95.9458pt>
File: fig/svg/CounterEx17_3.pdf Graphic file (type pdf)
<use fig/svg/CounterEx17_3.pdf>
Package pdftex.def Info: fig/svg/CounterEx17_3.pdf  used on input line 721.
(pdftex.def)             Requested size: 222.74849pt x 24.55148pt.
<fig/svg/CounterEx18_2.pdf, id=972, 926.3799pt x 156.4216pt>
File: fig/svg/CounterEx18_2.pdf Graphic file (type pdf)
<use fig/svg/CounterEx18_2.pdf>
Package pdftex.def Info: fig/svg/CounterEx18_2.pdf  used on input line 735.
(pdftex.def)             Requested size: 222.74849pt x 37.61116pt.
 [7 <./fig/svg/CounterEx5_1.pdf> <./fig/svg/CounterEx11_1.pdf

pdfTeX warning: pdflatex.exe (file ./fig/svg/CounterEx11_1.pdf): PDF inclusion:
 multiple pdfs with page group included in a single page
> <./fig/svg/CounterEx13_1.pdf

pdfTeX warning: pdflatex.exe (file ./fig/svg/CounterEx13_1.pdf): PDF inclusion:
 multiple pdfs with page group included in a single page
>]
Overfull \hbox (2.70313pt too wide) in paragraph at lines 878--908
 [] 
 []

<fig/svg/zeroBit01.pdf, id=1026, 144.9708pt x 75.2376pt>
File: fig/svg/zeroBit01.pdf Graphic file (type pdf)
<use fig/svg/zeroBit01.pdf>
Package pdftex.def Info: fig/svg/zeroBit01.pdf  used on input line 919.
(pdftex.def)             Requested size: 95.5842pt x 49.60643pt.

Underfull \hbox (badness 10000) in paragraph at lines 922--923

 []

<fig/svg/zeroBit05.pdf, id=1027, 479.54156pt x 212.1486pt>
File: fig/svg/zeroBit05.pdf Graphic file (type pdf)
<use fig/svg/zeroBit05.pdf>
Package pdftex.def Info: fig/svg/zeroBit05.pdf  used on input line 926.
(pdftex.def)             Requested size: 107.53314pt x 47.5695pt.

Underfull \hbox (badness 1478) in paragraph at lines 931--931
[]\OT1/cmr/bx/n/8 Fig. 13|[]\OT1/cmr/m/n/8.5 Counting from a non-coding seed. (
Left) The
 []

[8 <./fig/svg/CounterEx14_2.pdf> <./fig/svg/CounterEx15_2.pdf

pdfTeX warning: pdflatex.exe (file ./fig/svg/CounterEx15_2.pdf): PDF inclusion:
 multiple pdfs with page group included in a single page
> <./fig/svg/CounterEx17_3.pdf

pdfTeX warning: pdflatex.exe (file ./fig/svg/CounterEx17_3.pdf): PDF inclusion:
 multiple pdfs with page group included in a single page
> <./fig/svg/CounterEx18_2.pdf

pdfTeX warning: pdflatex.exe (file ./fig/svg/CounterEx18_2.pdf): PDF inclusion:
 multiple pdfs with page group included in a single page
>]
Overfull \hbox (1.04803pt too wide) in paragraph at lines 942--945
[]\OT1/cmr/m/n/8.5 This work is sup-ported in part by KAK-
 []


Overfull \hbox (2.5974pt too wide) in paragraph at lines 942--945
\OT1/cmr/m/n/8.5 No. 18K19779 and JST Pro-gram to Dis-sem-i-nate Tenure Track-
 []

(./nc2020.bbl
Underfull \hbox (badness 1412) in paragraph at lines 23--25
[]\OT1/cmr/m/n/8.5 Evans, C.G.: Crys-tals that Count! Phys-i-cal Prin-ci-
 []

) [9 <./fig/svg/zeroBit01.pdf> <./fig/svg/zeroBit05.pdf

pdfTeX warning: pdflatex.exe (file ./fig/svg/zeroBit05.pdf): PDF inclusion: mul
tiple pdfs with page group included in a single page
>] (./nc2020.aux)
Package rerunfilecheck Info: File `nc2020.out' has not changed.
(rerunfilecheck)             Checksum: D2E0D47E45037A90393D26CFA194EC84;209.


LaTeX Font Warning: Size substitutions with differences
(Font)              up to 1.28pt have occurred.

 ) 
Here is how much of TeX's memory you used:
 19461 strings out of 479485
 376260 string characters out of 5875916
 732179 words of memory out of 5000000
 35980 multiletter control sequences out of 15000+600000
 552539 words of font info for 99 fonts, out of 8000000 for 9000
 1141 hyphenation exceptions out of 8191
 85i,19n,96p,690b,796s stack positions out of 5000i,500n,10000p,200000b,80000s
{c:/texlive/2020/texmf-dist/fonts/enc/dvips/cm-super/cm-super-ts1.enc}<c:/tex
live/2020/texmf-dist/fonts/type1/public/amsfonts/cm/cmbsy10.pfb><c:/texlive/202
0/texmf-dist/fonts/type1/public/amsfonts/cm/cmbx10.pfb><c:/texlive/2020/texmf-d
ist/fonts/type1/public/amsfonts/cm/cmbx12.pfb><c:/texlive/2020/texmf-dist/fonts
/type1/public/amsfonts/cm/cmbx8.pfb><c:/texlive/2020/texmf-dist/fonts/type1/pub
lic/amsfonts/cm/cmex10.pfb><c:/texlive/2020/texmf-dist/fonts/type1/public/amsfo
nts/cm/cmmi10.pfb><c:/texlive/2020/texmf-dist/fonts/type1/public/amsfonts/cm/cm
mi5.pfb><c:/texlive/2020/texmf-dist/fonts/type1/public/amsfonts/cm/cmmi7.pfb><c
:/texlive/2020/texmf-dist/fonts/type1/public/amsfonts/cm/cmmi8.pfb><c:/texlive/
2020/texmf-dist/fonts/type1/public/amsfonts/cm/cmr10.pfb><c:/texlive/2020/texmf
-dist/fonts/type1/public/amsfonts/cm/cmr12.pfb><c:/texlive/2020/texmf-dist/font
s/type1/public/amsfonts/cm/cmr5.pfb><c:/texlive/2020/texmf-dist/fonts/type1/pub
lic/amsfonts/cm/cmr7.pfb><c:/texlive/2020/texmf-dist/fonts/type1/public/amsfont
s/cm/cmr8.pfb><c:/texlive/2020/texmf-dist/fonts/type1/public/amsfonts/cm/cmsy10
.pfb><c:/texlive/2020/texmf-dist/fonts/type1/public/amsfonts/cm/cmsy5.pfb><c:/t
exlive/2020/texmf-dist/fonts/type1/public/amsfonts/cm/cmsy6.pfb><c:/texlive/202
0/texmf-dist/fonts/type1/public/amsfonts/cm/cmsy7.pfb><c:/texlive/2020/texmf-di
st/fonts/type1/public/amsfonts/cm/cmti10.pfb><c:/texlive/2020/texmf-dist/fonts/
type1/public/amsfonts/cm/cmtt10.pfb><c:/texlive/2020/texmf-dist/fonts/type1/pub
lic/amsfonts/cm/cmtt8.pfb><c:/texlive/2020/texmf-dist/fonts/type1/public/amsfon
ts/symbols/msbm10.pfb><c:/texlive/2020/texmf-dist/fonts/type1/public/cm-super/s
frm1000.pfb>
Output written on nc2020.pdf (9 pages, 1541270 bytes).
PDF statistics:
 1219 PDF objects out of 1440 (max. 8388607)
 952 compressed objects within 10 object streams
 56 named destinations out of 1000 (max. 500000)
 240 words of extra memory for PDF output out of 10000 (max. 10000000)

